SF:lib\exceptions\invalid_argument_exception.dart
DA:4,3
LF:1
LH:1
end_of_record
SF:lib\exceptions\app_exception.dart
DA:6,5
DA:8,2
DA:10,4
DA:11,8
LF:4
LH:4
end_of_record
SF:lib\utils\linear_programming\expression.dart
DA:9,6
DA:10,6
DA:11,6
DA:13,4
DA:15,1
DA:17,2
DA:18,4
DA:19,0
DA:20,0
DA:22,0
LF:10
LH:7
end_of_record
SF:lib\utils\linear_programming\linear_programming.dart
DA:21,3
DA:22,9
DA:25,6
DA:26,3
DA:27,3
DA:29,6
DA:31,6
DA:32,9
DA:33,3
DA:47,3
DA:49,9
DA:53,6
DA:54,9
DA:55,0
DA:56,0
DA:59,6
DA:60,3
DA:62,6
DA:63,3
DA:67,3
DA:68,3
DA:69,3
DA:70,3
DA:74,9
DA:77,3
DA:80,9
DA:82,15
DA:83,15
DA:86,9
DA:89,9
DA:90,9
DA:93,9
DA:95,9
DA:98,1
DA:102,12
DA:105,9
DA:106,3
DA:109,9
DA:110,12
DA:114,9
DA:117,6
DA:118,9
DA:119,3
DA:124,3
DA:125,6
DA:126,3
DA:129,6
DA:130,6
DA:131,18
DA:139,9
DA:141,6
DA:142,15
DA:144,6
DA:145,3
DA:152,3
DA:159,9
DA:160,6
DA:161,3
DA:165,9
DA:166,9
DA:170,3
DA:176,6
DA:179,6
DA:180,3
DA:184,6
DA:185,4
DA:186,8
DA:191,6
DA:193,6
DA:194,3
DA:198,6
DA:200,3
DA:204,3
DA:205,6
DA:206,24
DA:218,3
DA:219,9
DA:220,6
DA:223,12
DA:226,6
LF:80
LH:78
end_of_record
SF:lib\app_object.dart
DA:2,57
LF:1
LH:1
end_of_record
SF:lib\exceptions\key_not_found_exception.dart
DA:4,2
LF:1
LH:1
end_of_record
SF:lib\extensions\string_format_extension.dart
DA:4,18
LF:1
LH:1
end_of_record
SF:lib\model\answer.dart
DA:20,1
DA:21,3
DA:22,5
DA:23,1
DA:25,1
DA:29,1
DA:30,3
DA:31,5
DA:32,1
DA:34,1
DA:37,0
DA:42,2
DA:43,2
DA:44,0
DA:47,2
DA:48,4
DA:49,4
DA:50,2
DA:51,4
DA:54,6
DA:57,1
DA:58,1
DA:59,1
DA:60,5
DA:63,6
DA:66,2
DA:67,2
DA:68,0
DA:71,2
DA:72,4
DA:73,4
DA:74,0
DA:75,0
DA:78,6
DA:81,2
DA:82,2
DA:83,2
DA:84,10
DA:87,12
DA:90,2
DA:96,2
DA:97,10
DA:99,2
DA:101,0
DA:105,0
DA:108,2
DA:109,2
DA:110,0
DA:111,0
DA:112,0
DA:113,0
DA:117,2
DA:119,2
DA:121,4
DA:122,4
DA:123,2
DA:124,4
LF:57
LH:46
end_of_record
SF:lib\model\joined_term.dart
DA:14,12
DA:15,36
DA:17,24
DA:19,10
DA:24,14
DA:26,14
DA:27,14
DA:31,14
DA:33,28
DA:37,14
DA:38,50
DA:42,14
DA:43,50
DA:45,42
DA:46,14
DA:48,32
DA:49,3
DA:50,9
DA:54,42
DA:56,4
DA:57,28
DA:58,42
DA:60,6
DA:63,26
DA:64,39
DA:66,4
DA:67,39
DA:69,3
DA:73,56
DA:74,14
DA:75,28
DA:77,3
DA:79,4
DA:85,14
DA:96,3
DA:97,3
DA:98,6
DA:99,3
DA:100,3
DA:102,2
DA:105,3
DA:106,6
DA:112,3
DA:114,6
DA:115,3
DA:116,9
DA:118,2
DA:125,1
DA:127,4
DA:129,2
DA:131,3
DA:132,1
DA:134,2
DA:136,2
DA:138,1
DA:139,2
DA:145,5
DA:146,2
DA:147,2
DA:148,1
DA:150,1
DA:154,5
DA:156,5
DA:159,4
DA:161,4
DA:164,7
DA:167,7
DA:168,14
DA:171,21
DA:172,7
DA:173,7
DA:178,10
DA:179,5
DA:182,10
DA:183,3
DA:184,6
DA:185,12
DA:189,14
DA:190,22
DA:191,4
DA:195,7
DA:199,7
DA:201,4
DA:202,4
DA:204,5
DA:205,5
DA:211,21
DA:212,7
DA:217,7
DA:222,4
DA:223,8
DA:224,8
DA:226,8
DA:227,8
DA:228,8
DA:232,4
DA:233,4
DA:234,4
DA:235,8
DA:245,21
DA:246,7
DA:247,15
DA:251,0
DA:252,0
DA:253,0
DA:257,4
DA:258,4
DA:260,5
DA:261,5
DA:266,6
DA:267,6
DA:268,32
DA:269,12
DA:272,10
DA:273,10
DA:274,10
DA:275,40
DA:277,1
DA:279,3
DA:284,4
DA:285,4
DA:287,4
DA:292,5
DA:293,5
DA:295,5
LF:125
LH:122
end_of_record
SF:lib\model\term.dart
DA:11,17
DA:19,30
DA:20,30
DA:24,30
DA:25,30
LF:5
LH:5
end_of_record
SF:lib\model\literal_term.dart
DA:12,30
DA:13,15
DA:15,56
DA:17,2
DA:18,2
DA:20,1
DA:25,16
DA:26,48
DA:28,16
DA:29,48
DA:31,2
DA:32,2
DA:33,2
DA:35,1
DA:36,1
DA:37,2
DA:39,17
DA:42,8
DA:43,16
DA:46,4
DA:48,8
DA:51,0
DA:53,0
DA:56,0
DA:58,0
DA:64,0
DA:65,0
DA:67,0
DA:72,0
DA:73,0
DA:75,0
LF:31
LH:21
end_of_record
SF:lib\model\variable.dart
DA:8,16
DA:9,32
DA:12,26
DA:15,45
LF:4
LH:4
end_of_record
SF:lib\exceptions\term_not_found_exception.dart
DA:5,2
LF:1
LH:1
end_of_record
SF:lib\model\implicant.dart
DA:15,6
DA:16,12
DA:19,8
DA:22,4
DA:28,2
DA:30,12
DA:32,2
DA:33,2
DA:36,14
DA:37,2
DA:41,12
DA:44,2
DA:45,10
DA:47,4
DA:49,7
DA:50,7
DA:51,0
DA:53,14
DA:54,7
DA:57,14
DA:59,14
DA:60,56
DA:61,14
DA:64,27
DA:81,7
DA:82,7
DA:84,35
DA:85,21
DA:87,0
DA:88,0
DA:90,0
DA:92,0
DA:94,0
DA:96,0
DA:97,0
DA:99,0
DA:102,2
DA:104,20
LF:38
LH:29
end_of_record
SF:lib\model\normal_form.dart
DA:27,3
DA:29,3
DA:48,3
DA:50,3
DA:63,5
DA:65,15
DA:70,3
DA:71,9
DA:72,9
DA:78,5
DA:79,2
DA:81,4
DA:85,15
DA:89,5
DA:91,5
DA:95,25
DA:96,5
DA:97,5
DA:100,9
DA:101,3
DA:102,6
DA:104,4
DA:107,3
DA:109,6
DA:110,3
DA:111,6
DA:112,3
DA:117,10
DA:123,1
DA:124,1
DA:125,3
DA:126,1
DA:131,2
DA:132,1
DA:141,5
DA:144,10
DA:146,5
DA:147,15
DA:148,5
DA:149,10
DA:156,5
DA:158,5
DA:159,5
DA:160,5
DA:161,10
DA:163,5
DA:164,10
DA:165,5
DA:166,5
LF:49
LH:49
end_of_record
SF:lib\utils\boolean_algebra\binary_value.dart
DA:11,4
DA:13,4
DA:15,4
DA:17,1
DA:28,0
DA:29,0
DA:30,0
DA:32,0
DA:35,0
DA:37,0
DA:38,0
DA:39,0
DA:40,0
LF:13
LH:4
end_of_record
SF:lib\utils\boolean_algebra\quine_mccluskey.dart
DA:12,2
DA:16,4
DA:17,4
DA:20,2
DA:21,12
DA:23,4
DA:24,8
DA:31,8
DA:36,4
DA:38,4
DA:40,6
DA:41,4
DA:43,16
DA:47,6
DA:48,8
DA:52,16
DA:53,2
DA:54,6
DA:55,2
DA:63,6
DA:64,12
DA:69,12
DA:71,2
DA:74,6
DA:75,6
DA:76,2
DA:78,6
DA:82,4
DA:87,4
DA:88,6
DA:89,2
DA:94,6
DA:95,8
DA:96,6
DA:99,2
DA:100,4
DA:101,4
DA:103,6
DA:104,6
DA:105,2
DA:108,2
DA:114,2
DA:115,4
DA:116,4
DA:117,2
DA:118,2
DA:119,6
DA:120,4
DA:121,8
DA:123,2
LF:50
LH:50
end_of_record
SF:lib\utils\varargs_function.dart
DA:4,10
DA:8,10
DA:10,30
DA:11,0
DA:13,30
DA:14,30
LF:6
LH:5
end_of_record
SF:lib\utils\pair.dart
DA:7,2
DA:9,0
DA:10,0
LF:3
LH:1
end_of_record
SF:lib\model\parser.dart
DA:15,1
DA:27,0
DA:28,0
DA:29,0
DA:30,0
DA:33,0
DA:34,0
DA:35,0
DA:38,0
DA:39,0
DA:40,0
DA:43,0
DA:44,0
DA:45,0
DA:49,0
DA:54,0
DA:55,0
DA:56,0
DA:57,0
DA:58,0
DA:62,0
DA:63,0
DA:64,0
DA:65,0
DA:67,0
DA:68,0
DA:72,0
DA:75,1
DA:76,1
DA:77,0
DA:80,1
DA:81,2
DA:82,3
DA:83,1
DA:86,1
DA:88,1
DA:89,1
DA:90,1
DA:91,3
DA:93,1
DA:95,2
DA:97,1
DA:99,2
DA:100,0
DA:102,1
DA:106,1
DA:108,1
DA:109,1
DA:116,1
DA:117,1
DA:119,1
DA:120,1
DA:121,2
DA:126,1
DA:133,2
DA:138,1
DA:139,5
DA:143,4
DA:144,3
DA:145,4
DA:147,2
DA:153,1
DA:156,1
DA:161,0
DA:162,0
LF:65
LH:35
end_of_record
