SF:lib\exceptions\invalid_argument_exception.dart
DA:4,2
LF:1
LH:1
end_of_record
SF:lib\exceptions\app_exception.dart
DA:6,4
DA:8,2
DA:10,3
DA:11,6
LF:4
LH:4
end_of_record
SF:lib\model\answer.dart
DA:22,1
DA:23,2
DA:25,1
DA:26,2
DA:28,0
DA:33,2
DA:35,2
DA:36,0
DA:40,2
DA:41,1
DA:42,1
DA:43,2
DA:44,3
DA:45,1
DA:46,2
DA:49,2
DA:50,2
DA:51,2
DA:52,2
DA:55,12
DA:58,1
DA:60,1
DA:61,0
DA:65,0
DA:66,1
DA:67,1
DA:68,2
DA:69,3
DA:70,0
DA:71,0
DA:74,1
DA:75,1
DA:76,1
DA:77,5
DA:80,6
DA:83,1
DA:84,2
DA:87,0
DA:88,0
DA:91,1
DA:94,0
DA:98,0
DA:99,1
DA:100,1
DA:101,2
DA:102,3
DA:103,0
DA:104,0
DA:107,2
DA:109,2
DA:111,0
DA:112,0
DA:113,0
DA:115,0
DA:116,0
DA:118,0
DA:120,0
DA:130,1
DA:131,2
DA:132,1
DA:133,1
DA:135,1
DA:136,1
DA:138,2
DA:140,0
DA:146,1
DA:147,1
DA:148,1
DA:149,2
DA:151,2
DA:160,4
DA:166,4
DA:167,20
DA:169,4
DA:170,4
DA:172,0
DA:179,1
DA:190,1
DA:191,1
DA:192,1
DA:193,1
DA:194,1
DA:195,1
DA:196,4
DA:203,4
DA:204,4
DA:206,4
DA:208,8
DA:209,8
DA:210,4
DA:211,8
LF:91
LH:70
end_of_record
SF:lib\model\implicant.dart
DA:15,10
DA:16,20
DA:19,20
DA:22,12
DA:28,6
DA:30,36
DA:32,6
DA:33,2
DA:36,36
DA:37,6
DA:41,24
DA:44,1
DA:45,5
DA:47,12
DA:49,12
DA:50,12
DA:51,0
DA:53,24
DA:54,12
DA:57,24
DA:59,24
DA:60,96
DA:61,24
DA:64,63
DA:81,12
DA:82,12
DA:83,60
DA:84,36
DA:86,0
DA:87,0
DA:89,0
DA:91,0
DA:93,0
DA:95,0
DA:96,0
DA:98,0
DA:101,0
DA:103,0
LF:38
LH:27
end_of_record
SF:lib\model\joined_term.dart
DA:15,15
DA:16,45
DA:18,36
DA:20,20
DA:25,20
DA:27,20
DA:28,20
DA:32,20
DA:34,40
DA:38,20
DA:39,68
DA:43,20
DA:44,68
DA:46,60
DA:47,20
DA:49,44
DA:50,3
DA:51,9
DA:55,60
DA:57,5
DA:58,40
DA:59,60
DA:61,8
DA:64,30
DA:65,45
DA:67,4
DA:68,45
DA:70,3
DA:74,80
DA:75,20
DA:76,40
DA:78,3
DA:80,5
DA:86,20
DA:97,5
DA:98,5
DA:99,10
DA:100,5
DA:101,5
DA:103,4
DA:106,5
DA:107,10
DA:110,5
DA:114,10
DA:115,5
DA:116,10
DA:117,21
DA:120,4
DA:121,4
DA:122,2
DA:134,1
DA:140,2
DA:142,0
DA:147,1
DA:149,2
DA:151,2
DA:153,1
DA:154,2
DA:160,5
DA:161,2
DA:162,2
DA:163,1
DA:165,1
DA:169,9
DA:171,9
DA:174,8
DA:176,8
DA:179,13
DA:182,13
DA:183,26
DA:186,39
DA:187,13
DA:188,13
DA:193,16
DA:194,8
DA:197,16
DA:198,3
DA:199,6
DA:200,12
DA:204,26
DA:205,37
DA:206,4
DA:210,13
DA:214,13
DA:216,8
DA:217,8
DA:219,6
DA:220,6
DA:226,36
DA:227,12
DA:232,12
DA:237,6
DA:238,12
DA:239,12
DA:241,12
DA:242,12
DA:243,12
DA:247,6
DA:248,6
DA:249,6
DA:250,12
DA:260,36
DA:261,12
DA:262,24
DA:266,0
DA:267,0
DA:268,0
DA:272,5
DA:273,5
DA:275,9
DA:276,9
DA:281,6
DA:282,6
DA:283,30
DA:284,12
DA:287,13
DA:288,13
DA:289,13
DA:290,52
DA:292,0
DA:294,0
DA:301,7
DA:302,7
DA:304,8
DA:306,2
DA:308,2
DA:310,2
DA:312,4
DA:314,4
DA:316,0
DA:317,0
DA:323,10
DA:324,4
DA:325,2
DA:326,2
DA:328,2
DA:329,2
DA:338,9
DA:339,9
DA:341,9
DA:343,2
DA:345,2
DA:347,2
DA:349,4
DA:351,4
DA:353,2
DA:354,6
DA:360,5
DA:361,2
DA:362,2
DA:363,1
DA:365,1
DA:366,1
LF:153
LH:145
end_of_record
SF:lib\model\term.dart
DA:12,23
DA:20,48
DA:21,48
DA:25,33
DA:26,33
LF:5
LH:5
end_of_record
SF:lib\utils\boolean_algebra\binary_value.dart
DA:11,2
DA:13,2
DA:15,2
DA:17,0
DA:28,0
DA:29,0
DA:30,0
DA:32,0
DA:35,0
DA:37,0
DA:38,0
DA:39,0
DA:40,0
LF:13
LH:3
end_of_record
SF:lib\model\literal_term.dart
DA:12,42
DA:13,21
DA:15,80
DA:17,2
DA:18,2
DA:20,1
DA:25,22
DA:26,66
DA:28,22
DA:29,66
DA:31,2
DA:32,2
DA:33,2
DA:35,1
DA:36,1
DA:37,2
DA:39,23
DA:42,10
DA:43,20
DA:46,2
DA:48,4
DA:51,0
DA:53,0
DA:56,1
DA:58,1
DA:61,0
DA:63,0
DA:69,0
DA:70,0
DA:72,0
DA:74,0
DA:82,1
DA:83,3
DA:85,1
DA:87,1
LF:35
LH:27
end_of_record
SF:lib\model\variable.dart
DA:8,22
DA:9,44
DA:12,28
DA:15,59
LF:4
LH:4
end_of_record
SF:lib\app_object.dart
DA:2,77
LF:1
LH:1
end_of_record
SF:lib\exceptions\key_not_found_exception.dart
DA:4,1
LF:1
LH:1
end_of_record
SF:lib\exceptions\term_not_found_exception.dart
DA:5,2
LF:1
LH:1
end_of_record
SF:lib\extensions\string_extension.dart
DA:6,14
DA:9,20
LF:2
LH:2
end_of_record
SF:lib\model\normal_form.dart
DA:29,6
DA:31,6
DA:55,4
DA:57,4
DA:82,9
DA:85,9
DA:86,10
DA:88,6
DA:91,27
DA:96,6
DA:97,6
DA:98,6
DA:103,6
DA:104,24
DA:106,12
DA:108,0
DA:109,0
DA:116,21
DA:120,7
DA:122,7
DA:126,35
DA:127,7
DA:128,7
DA:131,15
DA:132,5
DA:133,8
DA:135,4
DA:138,5
DA:140,10
DA:141,5
DA:142,10
DA:143,5
DA:148,14
DA:154,5
DA:155,5
DA:156,15
DA:157,5
DA:162,10
DA:163,5
DA:172,7
DA:175,14
DA:177,7
DA:178,21
DA:179,7
DA:180,14
DA:187,7
DA:189,7
DA:190,7
DA:191,7
DA:192,14
DA:194,7
DA:195,14
DA:196,7
DA:197,7
DA:200,1
DA:202,1
DA:203,7
DA:204,1
LF:58
LH:56
end_of_record
SF:lib\utils\boolean_algebra\quine_mccluskey.dart
DA:12,6
DA:17,6
DA:18,36
DA:20,12
DA:21,24
DA:28,24
DA:33,12
DA:35,11
DA:37,15
DA:38,10
DA:40,40
DA:44,15
DA:45,20
DA:49,40
DA:50,5
DA:51,15
DA:52,5
DA:60,18
DA:61,36
DA:66,36
DA:68,6
DA:71,18
DA:72,18
DA:73,6
DA:75,18
DA:79,12
DA:86,12
DA:87,18
DA:88,6
DA:93,18
DA:94,24
DA:95,18
DA:98,5
DA:99,10
DA:100,10
DA:102,15
DA:103,15
DA:104,5
DA:107,5
DA:113,5
DA:114,10
DA:115,10
DA:116,5
DA:117,5
DA:118,15
DA:119,10
DA:120,20
DA:122,5
LF:48
LH:48
end_of_record
SF:lib\utils\varargs_function.dart
DA:4,16
DA:8,16
DA:10,48
DA:11,0
DA:13,48
DA:14,48
LF:6
LH:5
end_of_record
SF:lib\utils\linear_programming\expression.dart
DA:9,14
DA:10,14
DA:11,14
DA:13,8
DA:15,1
DA:17,2
DA:18,4
DA:19,0
DA:20,0
DA:22,0
LF:10
LH:7
end_of_record
SF:lib\utils\linear_programming\linear_programming.dart
DA:21,7
DA:22,21
DA:25,14
DA:26,7
DA:27,7
DA:29,14
DA:31,14
DA:32,21
DA:33,7
DA:47,7
DA:49,21
DA:53,14
DA:54,21
DA:55,0
DA:56,0
DA:59,14
DA:60,7
DA:62,14
DA:63,7
DA:67,7
DA:68,7
DA:69,7
DA:70,7
DA:73,14
DA:76,21
DA:79,7
DA:82,21
DA:84,35
DA:85,35
DA:88,21
DA:91,21
DA:92,21
DA:95,21
DA:97,21
DA:100,1
DA:104,28
DA:107,21
DA:108,7
DA:111,21
DA:112,28
DA:116,21
DA:119,14
DA:120,21
DA:121,7
DA:126,7
DA:127,14
DA:128,7
DA:132,42
DA:140,21
DA:142,14
DA:143,35
DA:145,14
DA:146,7
DA:153,7
DA:160,21
DA:161,14
DA:162,7
DA:166,21
DA:167,20
DA:171,7
DA:177,14
DA:180,14
DA:181,7
DA:185,14
DA:186,8
DA:187,12
DA:192,14
DA:194,14
DA:195,7
DA:199,14
DA:201,7
DA:205,7
DA:206,14
DA:207,56
DA:219,7
DA:220,21
DA:221,14
DA:224,28
LF:78
LH:76
end_of_record
SF:lib\utils\pair.dart
DA:7,6
DA:9,0
DA:10,0
LF:3
LH:1
end_of_record
SF:lib\model\parser.dart
DA:15,1
DA:27,0
DA:28,0
DA:29,0
DA:30,0
DA:33,0
DA:34,0
DA:35,0
DA:38,0
DA:39,0
DA:40,0
DA:43,0
DA:44,0
DA:45,0
DA:49,0
DA:54,0
DA:55,0
DA:56,0
DA:57,0
DA:58,0
DA:62,0
DA:63,0
DA:64,0
DA:65,0
DA:67,0
DA:68,0
DA:72,0
DA:75,1
DA:76,1
DA:77,0
DA:80,1
DA:81,2
DA:82,3
DA:83,1
DA:86,1
DA:88,1
DA:89,1
DA:90,1
DA:91,3
DA:93,1
DA:95,2
DA:97,1
DA:99,2
DA:100,0
DA:102,1
DA:106,1
DA:108,1
DA:109,1
DA:116,1
DA:117,1
DA:119,1
DA:120,1
DA:121,2
DA:126,1
DA:133,2
DA:138,1
DA:139,5
DA:143,4
DA:144,3
DA:145,4
DA:147,2
DA:153,1
DA:156,1
DA:161,0
DA:162,0
LF:65
LH:35
end_of_record
